2025-09-10 14:00:53 [main] INFO  com.AOP.app.AppApplication - Starting AppApplication using Java 24.0.2 with PID 6636 (D:\Anul2\GL\Spring Basics\Aspect Oriented Programming\app\target\classes started by Flaviu in D:\Anul2\GL\Spring Basics\Aspect Oriented Programming\app)
2025-09-10 14:00:53 [main] INFO  com.AOP.app.AppApplication - No active profile set, falling back to 1 default profile: "default"
2025-09-10 14:00:54 [main] INFO  o.s.b.w.e.tomcat.TomcatWebServer - Tomcat initialized with port(s): 8080 (http)
2025-09-10 14:00:54 [main] INFO  o.a.catalina.core.StandardService - Starting service [Tomcat]
2025-09-10 14:00:54 [main] INFO  o.a.catalina.core.StandardEngine - Starting Servlet engine: [Apache Tomcat/10.1.8]
2025-09-10 14:00:54 [main] INFO  o.a.c.c.C.[Tomcat].[localhost].[/] - Initializing Spring embedded WebApplicationContext
2025-09-10 14:00:54 [main] INFO  o.s.b.w.s.c.ServletWebServerApplicationContext - Root WebApplicationContext: initialization completed in 1110 ms
2025-09-10 14:00:55 [main] INFO  o.s.b.w.e.tomcat.TomcatWebServer - Tomcat started on port(s): 8080 (http) with context path ''
2025-09-10 14:00:55 [main] INFO  com.AOP.app.AppApplication - Started AppApplication in 2.188 seconds (process running for 3.114)
2025-09-10 14:01:05 [main] INFO  com.AOP.app.aspect.LoggingAspect - TIMING: Starting execution of FreightServiceImpl.getFreightById()
2025-09-10 14:01:05 [main] INFO  com.AOP.app.aspect.LoggingAspect - 🚀 ENTERING: FreightServiceImpl.getFreightById() with arguments: [1001]
2025-09-10 14:01:05 [main] INFO  com.AOP.app.aspect.LoggingAspect - 🚀 ENTERING: FreightRepositoryImpl.getFreightById() with arguments: [1001]
2025-09-10 14:01:05 [main] INFO  com.AOP.app.aspect.LoggingAspect - SUCCESS: FreightRepositoryImpl.getFreightById() executed successfully
2025-09-10 14:01:05 [main] INFO  com.AOP.app.aspect.LoggingAspect - SUCCESS: FreightServiceImpl.getFreightById() executed successfully
2025-09-10 14:01:05 [main] INFO  com.AOP.app.aspect.LoggingAspect - CRUD: READ operation performed with data: [1001]
2025-09-10 14:01:05 [main] INFO  com.AOP.app.aspect.LoggingAspect - TIMING: FreightServiceImpl.getFreightById() executed in 4 ms
2025-09-10 14:01:26 [main] INFO  com.AOP.app.aspect.LoggingAspect - TIMING: Starting execution of FreightServiceImpl.getAllFreight()
2025-09-10 14:01:26 [main] INFO  com.AOP.app.aspect.LoggingAspect - 🚀 ENTERING: FreightServiceImpl.getAllFreight() with arguments: []
2025-09-10 14:01:26 [main] INFO  com.AOP.app.aspect.LoggingAspect - 🚀 ENTERING: FreightRepositoryImpl.getAllFreight() with arguments: []
2025-09-10 14:01:26 [main] INFO  com.AOP.app.aspect.LoggingAspect - SUCCESS: FreightRepositoryImpl.getAllFreight() executed successfully
2025-09-10 14:01:26 [main] INFO  com.AOP.app.aspect.LoggingAspect - SUCCESS: FreightServiceImpl.getAllFreight() executed successfully
2025-09-10 14:01:26 [main] INFO  com.AOP.app.aspect.LoggingAspect - CRUD: READ operation performed with data: []
2025-09-10 14:01:26 [main] INFO  com.AOP.app.aspect.LoggingAspect - TIMING: FreightServiceImpl.getAllFreight() executed in 1 ms
